#
# A fatal error has been detected by the Java Runtime Environment:
#
#  EXCEPTION_ACCESS_VIOLATION (0xc0000005) at pc=0x76fdae2c, pid=8388, tid=0x00003080
#
# JRE version: Java(TM) SE Runtime Environment (8.0_191-b12) (build 1.8.0_191-b12)
# Java VM: Java HotSpot(TM) Client VM (25.191-b12 mixed mode windows-x86 )
# Problematic frame:
# C  [ntdll.dll+0x6ae2c]
#
# Failed to write core dump. Minidumps are not enabled by default on client versions of Windows
#
# If you would like to submit a bug report, please visit:
#   http://bugreport.java.com/bugreport/crash.jsp
# The crash happened outside the Java Virtual Machine in native code.
# See problematic frame for where to report the bug.
#

---------------  T H R E A D  ---------------

Current thread (0x28ca4400):  JavaThread "Multihomed mDNS.Timer" daemon [_thread_in_native, id=12416, stack(0x26fb0000,0x27000000)]

siginfo: ExceptionCode=0xc0000005, reading address 0xffffffff

Registers:
EAX=0xc0000034, EBX=0x00000000, ECX=0x00000000, EDX=0x00000000
ESP=0x26ffee88, EBP=0x26fff568, ESI=0x277c528a, EDI=0x277c4f60
EIP=0x76fdae2c, EFLAGS=0x00000206

Top of Stack: (sp=0x26ffee88)
0x26ffee88:   70c5a486 26ffeee8 00100001 26ffef44
0x26ffee98:   26ffef00 00000000 00000080 00000003
0x26ffeea8:   00000001 00000000 00000000 00000000
0x26ffeeb8:   00000000 26fff5b4 2a44df68 00d60000
0x26ffeec8:   27793018 27799e50 0000009c 00000005
0x26ffeed8:   0000002e 00000002 00000000 26fff58c
0x26ffeee8:   00000e48 00000029 00000008 000058c0
0x26ffeef8:   fbbb355e 00000000 00000000 00000000 

Instructions: (pc=0x76fdae2c)
0x76fdae0c:   c2 08 00 90 b8 54 00 00 00 ba 60 f1 fe 76 ff d2
0x76fdae1c:   c2 18 00 90 b8 55 00 00 00 ba 60 f1 fe 76 ff d2
0x76fdae2c:   c2 2c 00 90 b8 56 00 00 00 ba 60 f1 fe 76 ff d2
0x76fdae3c:   c2 14 00 90 b8 57 00 00 00 ba 60 f1 fe 76 ff d2 


Register to memory mapping:

EAX=0xc0000034 is an unknown value
EBX=0x00000000 is an unknown value
ECX=0x00000000 is an unknown value
EDX=0x00000000 is an unknown value
ESP=0x26ffee88 is pointing into the stack for thread: 0x28ca4400
EBP=0x26fff568 is pointing into the stack for thread: 0x28ca4400
ESI=0x277c528a is an unknown value
EDI=0x277c4f60 is an unknown value


Stack: [0x26fb0000,0x27000000],  sp=0x26ffee88,  free space=315k
Native frames: (J=compiled Java code, j=interpreted, Vv=VM code, C=native code)
C  [ntdll.dll+0x6ae2c]
C  [IPHLPAPI.DLL+0x1f04b]
C  [net.dll+0x418b]
C  [net.dll+0x4552]
C  [net.dll+0x4f9d]
j  java.net.NetworkInterface.getAll()[Ljava/net/NetworkInterface;+0
J 6649 C1 javax.jmdns.impl.NetworkTopologyDiscoveryImpl.getInetAddresses()[Ljava/net/InetAddress; (147 bytes) @ 0x03205f90 [0x03205ee0+0xb0]
J 8170 C1 javax.jmdns.impl.JmmDNSImpl$NetworkChecker.run()V (204 bytes) @ 0x03235e60 [0x03235e10+0x50]
J 9975% C1 java.util.TimerThread.mainLoop()V (232 bytes) @ 0x02fb6214 [0x02fb5de0+0x434]
j  java.util.TimerThread.run()V+1
v  ~StubRoutines::call_stub
V  [jvm.dll+0x15c315]
V  [jvm.dll+0x223ece]
V  [jvm.dll+0x15c3ae]
V  [jvm.dll+0x15c536]
V  [jvm.dll+0x15c5a7]
V  [jvm.dll+0x1002ef]
V  [jvm.dll+0x17f550]
V  [jvm.dll+0x17fdca]
V  [jvm.dll+0x1c57a6]
C  [msvcr100.dll+0x5c556]
C  [msvcr100.dll+0x5c600]
C  [KERNEL32.DLL+0x18494]
C  [ntdll.dll+0x641c8]
C  [ntdll.dll+0x64198]
C  0x00000000

Java frames: (J=compiled Java code, j=interpreted, Vv=VM code)
j  java.net.NetworkInterface.getAll()[Ljava/net/NetworkInterface;+0
J 6649 C1 javax.jmdns.impl.NetworkTopologyDiscoveryImpl.getInetAddresses()[Ljava/net/InetAddress; (147 bytes) @ 0x03205f90 [0x03205ee0+0xb0]
J 8170 C1 javax.jmdns.impl.JmmDNSImpl$NetworkChecker.run()V (204 bytes) @ 0x03235e60 [0x03235e10+0x50]
J 9975% C1 java.util.TimerThread.mainLoop()V (232 bytes) @ 0x02fb6214 [0x02fb5de0+0x434]
j  java.util.TimerThread.run()V+1
v  ~StubRoutines::call_stub

---------------  P R O C E S S  ---------------

Java Threads: ( => current thread )
  0x2a3f3400 JavaThread "JmDNS(10-27-32-203.local.).State.Timer" [_thread_blocked, id=14472, stack(0x27d10000,0x27d60000)]
  0x2a3f1c00 JavaThread "JmDNS(10-27-32-203.local.).Timer" daemon [_thread_blocked, id=16980, stack(0x27c80000,0x27cd0000)]
  0x2a3f7000 JavaThread "SocketListener(10-27-32-203.local.)" daemon [_thread_in_native, id=16340, stack(0x02c70000,0x02cc0000)]
  0x2a3f5000 JavaThread "Timer-4" [_thread_blocked, id=8356, stack(0x27da0000,0x27df0000)]
  0x2a3f3000 JavaThread "Timer-3" [_thread_blocked, id=15796, stack(0x27bf0000,0x27c40000)]
  0x2a3f5c00 JavaThread "JmDNS(10-27-32-203.local.).State.Timer" [_thread_blocked, id=17720, stack(0x27ad0000,0x27b20000)]
  0x2a3f6800 JavaThread "JmDNS(10-27-32-203.local.).Timer" daemon [_thread_blocked, id=17716, stack(0x27a40000,0x27a90000)]
  0x2a3f7400 JavaThread "Timer-2" [_thread_blocked, id=14928, stack(0x27980000,0x279d0000)]
  0x2a3f1800 JavaThread "JmDNS(DESKTOP-R287GTV-mshome-net.local.).State.Timer" [_thread_blocked, id=16928, stack(0x2be40000,0x2be90000)]
  0x2a3f2800 JavaThread "JmDNS(DESKTOP-R287GTV-mshome-net.local.).Timer" daemon [_thread_blocked, id=1484, stack(0x2bdb0000,0x2be00000)]
  0x2a3f3c00 JavaThread "JmDNS(DESKTOP-R287GTV.local.).State.Timer" [_thread_blocked, id=8048, stack(0x2bc90000,0x2bce0000)]
  0x2a3f4800 JavaThread "JmDNS(DESKTOP-R287GTV.local.).Timer" daemon [_thread_blocked, id=16904, stack(0x2ba70000,0x2bac0000)]
  0x2a3f5400 JavaThread "DestroyJavaVM" [_thread_blocked, id=7212, stack(0x02d20000,0x02d70000)]
  0x28dab000 JavaThread "TimerQueue" daemon [_thread_blocked, id=9076, stack(0x2ba20000,0x2ba70000)]
  0x28daa800 JavaThread "AWT-EventQueue-0" [_thread_blocked, id=11656, stack(0x2b4e0000,0x2b530000)]
  0x28da9c00 JavaThread "AWT-Shutdown" [_thread_blocked, id=12868, stack(0x2b450000,0x2b4a0000)]
  0x28da9400 JavaThread "Batik CleanerThread" daemon [_thread_blocked, id=16860, stack(0x2a040000,0x2a090000)]
  0x28d1ac00 JavaThread "JmDNS(10-27-32-203.local.).State.Timer" [_thread_blocked, id=16816, stack(0x29db0000,0x29e00000)]
  0x28d1a800 JavaThread "JmDNS(10-27-32-203.local.).Timer" daemon [_thread_blocked, id=16804, stack(0x29d20000,0x29d70000)]
=>0x28ca4400 JavaThread "Multihomed mDNS.Timer" daemon [_thread_in_native, id=12416, stack(0x26fb0000,0x27000000)]
  0x28ca1c00 JavaThread "cc.arduino.packages.discoverers.serial.SerialDiscovery" [_thread_in_native, id=14288, stack(0x29a00000,0x29a50000)]
  0x26bd5800 JavaThread "AWT-Windows" daemon [_thread_in_native, id=16828, stack(0x27040000,0x27090000)]
  0x26ba9000 JavaThread "Java2D Disposer" daemon [_thread_blocked, id=12028, stack(0x26f20000,0x26f70000)]
  0x25658c00 JavaThread "Service Thread" daemon [_thread_blocked, id=16332, stack(0x26810000,0x26860000)]
  0x2565d800 JavaThread "C1 CompilerThread0" daemon [_thread_blocked, id=14300, stack(0x26780000,0x267d0000)]
  0x2565b400 JavaThread "Attach Listener" daemon [_thread_blocked, id=12336, stack(0x266f0000,0x26740000)]
  0x25659400 JavaThread "Signal Dispatcher" daemon [_thread_blocked, id=16100, stack(0x26660000,0x266b0000)]
  0x2563b800 JavaThread "Finalizer" daemon [_thread_blocked, id=12088, stack(0x264b0000,0x26500000)]
  0x25635c00 JavaThread "Reference Handler" daemon [_thread_blocked, id=1972, stack(0x25c20000,0x25c70000)]

Other Threads:
  0x25620c00 VMThread [stack: 0x04f00000,0x04f50000] [id=10932]
  0x25654800 WatcherThread [stack: 0x268a0000,0x268f0000] [id=13980]

VM state:not at safepoint (normal execution)

VM Mutex/Monitor currently owned by a thread: None

Heap:
 def new generation   total 63488K, used 2302K [0x05000000, 0x094e0000, 0x0faa0000)
  eden space 56448K,   4% used [0x05000000, 0x0523d918, 0x08720000)
  from space 7040K,   0% used [0x08e00000, 0x08e021f8, 0x094e0000)
  to   space 7040K,   0% used [0x08720000, 0x08720000, 0x08e00000)
 tenured generation   total 140880K, used 99555K [0x0faa0000, 0x18434000, 0x25000000)
   the space 140880K,  70% used [0x0faa0000, 0x15bd8cc0, 0x15bd8e00, 0x18434000)
 Metaspace       used 25618K, capacity 26263K, committed 26624K, reserved 27008K

Card table byte_map: [0x25000000,0x25110000] byte_map_base: 0x24fd8000

Polling page: 0x02670000

CodeCache: size=32768Kb used=2458Kb max_used=4823Kb free=30309Kb
 bounds [0x02ec0000, 0x03378000, 0x04ec0000]
 total_blobs=1398 nmethods=1103 adapters=224
 compilation: enabled

Compilation events (10 events):
Event: 120022.652 Thread 0x2565d800 14503             java.net.DatagramSocket::isBound (5 bytes)
Event: 120022.653 Thread 0x2565d800 nmethod 14503 0x030bc388 code [0x030bc480, 0x030bc500]
Event: 120042.657 Thread 0x2565d800 14504   !         java.net.DatagramSocket::send (191 bytes)
Event: 120042.662 Thread 0x2565d800 nmethod 14504 0x02f6e608 code [0x02f6e860, 0x02f6fb28]
Event: 120050.300 Thread 0x2565d800 14505             java.util.HashMap$HashIterator::nextNode (100 bytes)
Event: 120050.304 Thread 0x2565d800 nmethod 14505 0x03009748 code [0x03009870, 0x03009a88]
Event: 120054.354 Thread 0x2565d800 14506             java.awt.EventQueue::uncacheEQItem (53 bytes)
Event: 120054.356 Thread 0x2565d800 nmethod 14506 0x02f8c6c8 code [0x02f8c7e0, 0x02f8c93c]
Event: 120184.299 Thread 0x2565d800 14507             java.net.NetworkInterface$1checkedAddresses::hasMoreElements (17 bytes)
Event: 120184.299 Thread 0x2565d800 nmethod 14507 0x030505c8 code [0x030506c0, 0x03050760]

GC Heap History (10 events):
Event: 119299.998 GC heap before
{Heap before GC invocations=115 (full 4):
 def new generation   total 63488K, used 56449K [0x05000000, 0x094e0000, 0x0faa0000)
  eden space 56448K, 100% used [0x05000000, 0x08720000, 0x08720000)
  from space 7040K,   0% used [0x08720000, 0x087205f0, 0x08e00000)
  to   space 7040K,   0% used [0x08e00000, 0x08e00000, 0x094e0000)
 tenured generation   total 140880K, used 99555K [0x0faa0000, 0x18434000, 0x25000000)
   the space 140880K,  70% used [0x0faa0000, 0x15bd8cc0, 0x15bd8e00, 0x18434000)
 Metaspace       used 25618K, capacity 26263K, committed 26624K, reserved 27008K
Event: 119300.002 GC heap after
Heap after GC invocations=116 (full 4):
 def new generation   total 63488K, used 2K [0x05000000, 0x094e0000, 0x0faa0000)
  eden space 56448K,   0% used [0x05000000, 0x05000000, 0x08720000)
  from space 7040K,   0% used [0x08e00000, 0x08e009b0, 0x094e0000)
  to   space 7040K,   0% used [0x08720000, 0x08720000, 0x08e00000)
 tenured generation   total 140880K, used 99555K [0x0faa0000, 0x18434000, 0x25000000)
   the space 140880K,  70% used [0x0faa0000, 0x15bd8cc0, 0x15bd8e00, 0x18434000)
 Metaspace       used 25618K, capacity 26263K, committed 26624K, reserved 27008K
}
Event: 119602.409 GC heap before
{Heap before GC invocations=116 (full 4):
 def new generation   total 63488K, used 56450K [0x05000000, 0x094e0000, 0x0faa0000)
  eden space 56448K, 100% used [0x05000000, 0x08720000, 0x08720000)
  from space 7040K,   0% used [0x08e00000, 0x08e009b0, 0x094e0000)
  to   space 7040K,   0% used [0x08720000, 0x08720000, 0x08e00000)
 tenured generation   total 140880K, used 99555K [0x0faa0000, 0x18434000, 0x25000000)
   the space 140880K,  70% used [0x0faa0000, 0x15bd8cc0, 0x15bd8e00, 0x18434000)
 Metaspace       used 25618K, capacity 26263K, committed 26624K, reserved 27008K
Event: 119602.412 GC heap after
Heap after GC invocations=117 (full 4):
 def new generation   total 63488K, used 3K [0x05000000, 0x094e0000, 0x0faa0000)
  eden space 56448K,   0% used [0x05000000, 0x05000000, 0x08720000)
  from space 7040K,   0% used [0x08720000, 0x08720c90, 0x08e00000)
  to   space 7040K,   0% used [0x08e00000, 0x08e00000, 0x094e0000)
 tenured generation   total 140880K, used 99555K [0x0faa0000, 0x18434000, 0x25000000)
   the space 140880K,  70% used [0x0faa0000, 0x15bd8cc0, 0x15bd8e00, 0x18434000)
 Metaspace       used 25618K, capacity 26263K, committed 26624K, reserved 27008K
}
Event: 119903.902 GC heap before
{Heap before GC invocations=117 (full 4):
 def new generation   total 63488K, used 56451K [0x05000000, 0x094e0000, 0x0faa0000)
  eden space 56448K, 100% used [0x05000000, 0x08720000, 0x08720000)
  from space 7040K,   0% used [0x08720000, 0x08720c90, 0x08e00000)
  to   space 7040K,   0% used [0x08e00000, 0x08e00000, 0x094e0000)
 tenured generation   total 140880K, used 99555K [0x0faa0000, 0x18434000, 0x25000000)
   the space 140880K,  70% used [0x0faa0000, 0x15bd8cc0, 0x15bd8e00, 0x18434000)
 Metaspace       used 25618K, capacity 26263K, committed 26624K, reserved 27008K
Event: 119903.904 GC heap after
Heap after GC invocations=118 (full 4):
 def new generation   total 63488K, used 7K [0x05000000, 0x094e0000, 0x0faa0000)
  eden space 56448K,   0% used [0x05000000, 0x05000000, 0x08720000)
  from space 7040K,   0% used [0x08e00000, 0x08e01e98, 0x094e0000)
  to   space 7040K,   0% used [0x08720000, 0x08720000, 0x08e00000)
 tenured generation   total 140880K, used 99555K [0x0faa0000, 0x18434000, 0x25000000)
   the space 140880K,  70% used [0x0faa0000, 0x15bd8cc0, 0x15bd8e00, 0x18434000)
 Metaspace       used 25618K, capacity 26263K, committed 26624K, reserved 27008K
}
Event: 120207.757 GC heap before
{Heap before GC invocations=118 (full 4):
 def new generation   total 63488K, used 56455K [0x05000000, 0x094e0000, 0x0faa0000)
  eden space 56448K, 100% used [0x05000000, 0x08720000, 0x08720000)
  from space 7040K,   0% used [0x08e00000, 0x08e01e98, 0x094e0000)
  to   space 7040K,   0% used [0x08720000, 0x08720000, 0x08e00000)
 tenured generation   total 140880K, used 99555K [0x0faa0000, 0x18434000, 0x25000000)
   the space 140880K,  70% used [0x0faa0000, 0x15bd8cc0, 0x15bd8e00, 0x18434000)
 Metaspace       used 25618K, capacity 26263K, committed 26624K, reserved 27008K
Event: 120207.760 GC heap after
Heap after GC invocations=119 (full 4):
 def new generation   total 63488K, used 7K [0x05000000, 0x094e0000, 0x0faa0000)
  eden space 56448K,   0% used [0x05000000, 0x05000000, 0x08720000)
  from space 7040K,   0% used [0x08720000, 0x08721f78, 0x08e00000)
  to   space 7040K,   0% used [0x08e00000, 0x08e00000, 0x094e0000)
 tenured generation   total 140880K, used 99555K [0x0faa0000, 0x18434000, 0x25000000)
   the space 140880K,  70% used [0x0faa0000, 0x15bd8cc0, 0x15bd8e00, 0x18434000)
 Metaspace       used 25618K, capacity 26263K, committed 26624K, reserved 27008K
}
Event: 120512.930 GC heap before
{Heap before GC invocations=119 (full 4):
 def new generation   total 63488K, used 56455K [0x05000000, 0x094e0000, 0x0faa0000)
  eden space 56448K, 100% used [0x05000000, 0x08720000, 0x08720000)
  from space 7040K,   0% used [0x08720000, 0x08721f78, 0x08e00000)
  to   space 7040K,   0% used [0x08e00000, 0x08e00000, 0x094e0000)
 tenured generation   total 140880K, used 99555K [0x0faa0000, 0x18434000, 0x25000000)
   the space 140880K,  70% used [0x0faa0000, 0x15bd8cc0, 0x15bd8e00, 0x18434000)
 Metaspace       used 25618K, capacity 26263K, committed 26624K, reserved 27008K
Event: 120512.936 GC heap after
Heap after GC invocations=120 (full 4):
 def new generation   total 63488K, used 8K [0x05000000, 0x094e0000, 0x0faa0000)
  eden space 56448K,   0% used [0x05000000, 0x05000000, 0x08720000)
  from space 7040K,   0% used [0x08e00000, 0x08e021f8, 0x094e0000)
  to   space 7040K,   0% used [0x08720000, 0x08720000, 0x08e00000)
 tenured generation   total 140880K, used 99555K [0x0faa0000, 0x18434000, 0x25000000)
   the space 140880K,  70% used [0x0faa0000, 0x15bd8cc0, 0x15bd8e00, 0x18434000)
 Metaspace       used 25618K, capacity 26263K, committed 26624K, reserved 27008K
}

Deoptimization events (0 events):
No events

Classes redefined (0 events):
No events

Internal exceptions (10 events):
Event: 111584.981 Thread 0x2a3f7c00 Exception <a 'java/io/IOException'> (0x05e49f38) thrown at [C:\workspace\8-2-build-windows-i586-cygwin\jdk8u191\11896\hotspot\src\share\vm\prims\jni.cpp, line 709]
Event: 111584.981 Thread 0x2a3f7c00 Exception <a 'java/io/IOException'> (0x05e4a4e8) thrown at [C:\workspace\8-2-build-windows-i586-cygwin\jdk8u191\11896\hotspot\src\share\vm\prims\jni.cpp, line 709]
Event: 111584.981 Thread 0x2a3f7c00 Exception <a 'java/io/IOException'> (0x05e4a760) thrown at [C:\workspace\8-2-build-windows-i586-cygwin\jdk8u191\11896\hotspot\src\share\vm\prims\jni.cpp, line 709]
Event: 111584.981 Thread 0x2a3f7c00 Exception <a 'java/io/IOException'> (0x05e4a9a8) thrown at [C:\workspace\8-2-build-windows-i586-cygwin\jdk8u191\11896\hotspot\src\share\vm\prims\jni.cpp, line 709]
Event: 111584.981 Thread 0x2a3f7c00 Exception <a 'java/io/IOException'> (0x05e4abf0) thrown at [C:\workspace\8-2-build-windows-i586-cygwin\jdk8u191\11896\hotspot\src\share\vm\prims\jni.cpp, line 709]
Event: 111588.453 Thread 0x28ca4400 Exception <a 'java/io/IOException'> (0x05f66748) thrown at [C:\workspace\8-2-build-windows-i586-cygwin\jdk8u191\11896\hotspot\src\share\vm\prims\jni.cpp, line 709]
Event: 111588.453 Thread 0x28ca4400 Exception <a 'java/io/IOException'> (0x05f669c0) thrown at [C:\workspace\8-2-build-windows-i586-cygwin\jdk8u191\11896\hotspot\src\share\vm\prims\jni.cpp, line 709]
Event: 111588.453 Thread 0x28ca4400 Exception <a 'java/io/IOException'> (0x05f66c08) thrown at [C:\workspace\8-2-build-windows-i586-cygwin\jdk8u191\11896\hotspot\src\share\vm\prims\jni.cpp, line 709]
Event: 111588.453 Thread 0x28ca4400 Exception <a 'java/io/IOException'> (0x05f66e50) thrown at [C:\workspace\8-2-build-windows-i586-cygwin\jdk8u191\11896\hotspot\src\share\vm\prims\jni.cpp, line 709]
Event: 111601.241 Thread 0x28ca4400 Exception <a 'java/net/UnknownHostException': DESKTOP-R287GTV.ntu.edu.sg> (0x06193830) thrown at [C:\workspace\8-2-build-windows-i586-cygwin\jdk8u191\11896\hotspot\src\share\vm\prims\jni.cpp, line 735]

Events (10 events):
Event: 120054.356 Thread 0x2565d800 flushing nmethod 0x0304fa48
Event: 120054.356 Thread 0x2565d800 flushing nmethod 0x030505c8
Event: 120054.357 Thread 0x2565d800 flushing nmethod 0x0312cf88
Event: 120184.300 Thread 0x2565d800 flushing nmethod 0x032a5748
Event: 120184.300 Thread 0x2565d800 flushing nmethod 0x032e9448
Event: 120184.300 Thread 0x2565d800 flushing nmethod 0x03330148
Event: 120207.752 Executing VM operation: GenCollectForAllocation
Event: 120207.761 Executing VM operation: GenCollectForAllocation done
Event: 120512.926 Executing VM operation: GenCollectForAllocation
Event: 120512.936 Executing VM operation: GenCollectForAllocation done


Dynamic libraries:
0x00960000 - 0x00993000 	C:\Program Files (x86)\Arduino\java\bin\javaw.exe
0x76f70000 - 0x77100000 	C:\WINDOWS\SYSTEM32\ntdll.dll
0x76a80000 - 0x76b60000 	C:\WINDOWS\System32\KERNEL32.DLL
0x70da0000 - 0x70db0000 	C:\Program Files\AVAST Software\Avast\x86\aswhook.dll
0x74ca0000 - 0x74e84000 	C:\WINDOWS\System32\KERNELBASE.dll
0x73cc0000 - 0x73d38000 	C:\WINDOWS\System32\ADVAPI32.dll
0x767b0000 - 0x7686f000 	C:\WINDOWS\System32\msvcrt.dll
0x74690000 - 0x746d4000 	C:\WINDOWS\System32\sechost.dll
0x739f0000 - 0x73ab0000 	C:\WINDOWS\System32\RPCRT4.dll
0x73830000 - 0x73850000 	C:\WINDOWS\System32\SspiCli.dll
0x73820000 - 0x7382a000 	C:\WINDOWS\System32\CRYPTBASE.dll
0x74ef0000 - 0x74f47000 	C:\WINDOWS\System32\bcryptPrimitives.dll
0x76cf0000 - 0x76e7d000 	C:\WINDOWS\System32\USER32.dll
0x73980000 - 0x73997000 	C:\WINDOWS\System32\win32u.dll
0x74660000 - 0x74682000 	C:\WINDOWS\System32\GDI32.dll
0x76870000 - 0x769d4000 	C:\WINDOWS\System32\gdi32full.dll
0x76c70000 - 0x76ced000 	C:\WINDOWS\System32\msvcp_win.dll
0x73b10000 - 0x73c2d000 	C:\WINDOWS\System32\ucrtbase.dll
0x70a20000 - 0x70c24000 	C:\WINDOWS\WinSxS\x86_microsoft.windows.common-controls_6595b64144ccf1df_6.0.17134.1006_none_1ba8efce91103545\COMCTL32.dll
0x764e0000 - 0x7673c000 	C:\WINDOWS\System32\combase.dll
0x73ab0000 - 0x73ad6000 	C:\WINDOWS\System32\IMM32.DLL
0x6f2c0000 - 0x6f37f000 	C:\Program Files (x86)\Arduino\java\bin\msvcr100.dll
0x026a0000 - 0x02a73000 	C:\Program Files (x86)\Arduino\java\bin\client\jvm.dll
0x767a0000 - 0x767a6000 	C:\WINDOWS\System32\PSAPI.DLL
0x6f220000 - 0x6f228000 	C:\WINDOWS\SYSTEM32\WSOCK32.dll
0x74300000 - 0x74367000 	C:\WINDOWS\System32\WS2_32.dll
0x6f1f0000 - 0x6f214000 	C:\WINDOWS\SYSTEM32\WINMM.dll
0x73720000 - 0x73728000 	C:\WINDOWS\SYSTEM32\VERSION.dll
0x6f1c0000 - 0x6f1e3000 	C:\WINDOWS\SYSTEM32\WINMMBASE.dll
0x73940000 - 0x73979000 	C:\WINDOWS\System32\cfgmgr32.dll
0x6f190000 - 0x6f1c0000 	C:\Program Files (x86)\Arduino\java\bin\splashscreen.dll
0x6fe90000 - 0x6ff0c000 	C:\WINDOWS\system32\uxtheme.dll
0x6f180000 - 0x6f18c000 	C:\Program Files (x86)\Arduino\java\bin\verify.dll
0x6f150000 - 0x6f172000 	C:\Program Files (x86)\Arduino\java\bin\java.dll
0x74370000 - 0x744b3000 	C:\WINDOWS\System32\MSCTF.dll
0x769e0000 - 0x76a76000 	C:\WINDOWS\System32\OLEAUT32.dll
0x6f130000 - 0x6f144000 	C:\Program Files (x86)\Arduino\java\bin\zip.dll
0x764d0000 - 0x764df000 	C:\WINDOWS\System32\kernel.appcore.dll
0x6ec70000 - 0x6eced000 	C:\WINDOWS\System32\TextInputFramework.dll
0x6ea10000 - 0x6ec6d000 	C:\WINDOWS\System32\CoreUIComponents.dll
0x73c30000 - 0x73cb8000 	C:\WINDOWS\System32\SHCORE.dll
0x6e980000 - 0x6ea0b000 	C:\WINDOWS\System32\CoreMessaging.dll
0x70180000 - 0x701a9000 	C:\WINDOWS\SYSTEM32\ntmarta.dll
0x6e8a0000 - 0x6e976000 	C:\WINDOWS\SYSTEM32\wintypes.dll
0x6f100000 - 0x6f123000 	C:\WINDOWS\system32\dwmapi.dll
0x6e840000 - 0x6e896000 	C:\WINDOWS\system32\Oleacc.dll
0x75000000 - 0x7634c000 	C:\WINDOWS\System32\SHELL32.dll
0x746e0000 - 0x74c9b000 	C:\WINDOWS\System32\windows.storage.dll
0x742b0000 - 0x742f5000 	C:\WINDOWS\System32\shlwapi.dll
0x73ae0000 - 0x73af8000 	C:\WINDOWS\System32\profapi.dll
0x74f50000 - 0x74f95000 	C:\WINDOWS\System32\powrprof.dll
0x764c0000 - 0x764c8000 	C:\WINDOWS\System32\FLTLIB.DLL
0x61940000 - 0x619b3000 	C:\Program Files (x86)\Arduino\lib\listSerialsj.dll
0x73d60000 - 0x7418b000 	C:\WINDOWS\System32\SETUPAPI.dll
0x6f0e0000 - 0x6f0fd000 	C:\Program Files (x86)\Arduino\lib\jnidispatch-4.2.2-win32-x86.dll
0x76b60000 - 0x76c5c000 	C:\WINDOWS\System32\Ole32.dll
0x6e820000 - 0x6e835000 	C:\Program Files (x86)\Arduino\java\bin\net.dll
0x70e80000 - 0x70ed6000 	C:\WINDOWS\system32\mswsock.dll
0x6e810000 - 0x6e81f000 	C:\Program Files (x86)\Arduino\java\bin\nio.dll
0x6e6c0000 - 0x6e807000 	C:\Program Files (x86)\Arduino\java\bin\awt.dll
0x6ff10000 - 0x6ffad000 	C:\WINDOWS\SYSTEM32\apphelp.dll
0x6e680000 - 0x6e6b9000 	C:\Program Files (x86)\Arduino\java\bin\fontmanager.dll
0x6e5a0000 - 0x6e679000 	C:\WINDOWS\system32\opengl32.dll
0x6e560000 - 0x6e59f000 	C:\WINDOWS\SYSTEM32\GLU32.dll
0x6e520000 - 0x6e552000 	C:\Program Files (x86)\Arduino\java\bin\t2k.dll
0x6e510000 - 0x6e51a000 	C:\Program Files (x86)\Arduino\java\bin\management.dll
0x6e4f0000 - 0x6e501000 	C:\WINDOWS\system32\napinsp.dll
0x6e4d0000 - 0x6e4e6000 	C:\WINDOWS\system32\pnrpnsp.dll
0x6e4b0000 - 0x6e4c3000 	C:\WINDOWS\system32\NLAapi.dll
0x6f860000 - 0x6f8ee000 	C:\WINDOWS\SYSTEM32\DNSAPI.dll
0x73b00000 - 0x73b07000 	C:\WINDOWS\System32\NSI.dll
0x70c50000 - 0x70c80000 	C:\WINDOWS\SYSTEM32\IPHLPAPI.DLL
0x6e4a0000 - 0x6e4ac000 	C:\WINDOWS\System32\winrnr.dll
0x6e480000 - 0x6e491000 	C:\WINDOWS\System32\wshbth.dll
0x6f810000 - 0x6f85f000 	C:\WINDOWS\System32\fwpuclnt.dll
0x71a20000 - 0x71a39000 	C:\WINDOWS\SYSTEM32\bcrypt.dll
0x6fe40000 - 0x6fe48000 	C:\Windows\System32\rasadhlp.dll
0x6fdb0000 - 0x6fdc3000 	C:\WINDOWS\SYSTEM32\dhcpcsvc6.DLL
0x6f720000 - 0x6f734000 	C:\WINDOWS\SYSTEM32\dhcpcsvc.DLL
0x71a70000 - 0x71a83000 	C:\WINDOWS\SYSTEM32\CRYPTSP.dll
0x71a40000 - 0x71a6f000 	C:\WINDOWS\system32\rsaenh.dll
0x6fdd0000 - 0x6fdf1000 	C:\WINDOWS\SYSTEM32\USERENV.dll
0x6e410000 - 0x6e479000 	C:\Program Files (x86)\Arduino\msvcp100.dll
0x6e350000 - 0x6e40e000 	C:\Program Files (x86)\Arduino\msvcr100.dll
0x28690000 - 0x286c2000 	C:\Program Files (x86)\Arduino\lib\AStylej.dll
0x6e320000 - 0x6e344000 	C:\Program Files (x86)\Arduino\java\bin\dcpr.dll
0x74220000 - 0x742a3000 	C:\WINDOWS\System32\clbcatq.dll
0x6e1a0000 - 0x6e311000 	C:\WINDOWS\SYSTEM32\WindowsCodecs.dll
0x6e150000 - 0x6e19f000 	C:\WINDOWS\system32\dataexchange.dll
0x6def0000 - 0x6e142000 	C:\WINDOWS\system32\d3d11.dll
0x6ddb0000 - 0x6deec000 	C:\WINDOWS\system32\dcomp.dll
0x6dd10000 - 0x6dda8000 	C:\WINDOWS\system32\dxgi.dll
0x6dba0000 - 0x6dd05000 	C:\WINDOWS\system32\twinapi.appcore.dll
0x6db80000 - 0x6db9a000 	C:\WINDOWS\system32\RMCLIENT.dll
0x6db60000 - 0x6db80000 	C:\Program Files (x86)\Arduino\java\bin\sunec.dll
0x6db50000 - 0x6db59000 	C:\Program Files (x86)\Arduino\java\bin\sunmscapi.dll
0x744c0000 - 0x74656000 	C:\WINDOWS\System32\CRYPT32.dll
0x76c60000 - 0x76c6e000 	C:\WINDOWS\System32\MSASN1.dll
0x70db0000 - 0x70dd2000 	C:\WINDOWS\SYSTEM32\DEVOBJ.dll
0x739a0000 - 0x739e7000 	C:\WINDOWS\System32\WINTRUST.dll
0x64000000 - 0x6401b000 	C:\Program Files (x86)\Arduino\lib\jSSC-2.8_x86.dll
0x6f430000 - 0x6f483000 	C:\WINDOWS\system32\Ninput.dll
0x6d9c0000 - 0x6db41000 	C:\WINDOWS\SYSTEM32\PROPSYS.dll
0x6f3f0000 - 0x6f42d000 	C:\WINDOWS\SYSTEM32\edputil.dll
0x6f230000 - 0x6f2bb000 	C:\Windows\System32\Windows.StateRepositoryPS.dll
0x6f8f0000 - 0x6fa8e000 	C:\WINDOWS\SYSTEM32\urlmon.dll
0x6fb40000 - 0x6fd6a000 	C:\WINDOWS\SYSTEM32\iertutil.dll
0x6f3d0000 - 0x6f3ea000 	C:\WINDOWS\SYSTEM32\CLDAPI.dll
0x6f3b0000 - 0x6f3c8000 	C:\WINDOWS\SYSTEM32\MPR.dll
0x6fe00000 - 0x6fe10000 	C:\WINDOWS\SYSTEM32\pcacli.dll
0x6f3a0000 - 0x6f3b0000 	C:\WINDOWS\System32\sfc_os.dll
0x6ffe0000 - 0x70162000 	C:\WINDOWS\SYSTEM32\dbghelp.dll

VM Arguments:
jvm_args: -Dsun.java2d.d3d=false -Djna.nosys=true -Djna.nounpack=true -Djna.boot.library.name=jnidispatch-4.2.2-win32-x86 -Djna.boot.library.path=C:\Program Files (x86)\Arduino/lib -Djssc.library.path=C:\Program Files (x86)\Arduino/lib -DAPP_DIR=C:\Program Files (x86)\Arduino -Xms128M -Xmx512M -Dfile.encoding=UTF8 -Djava.net.preferIPv4Stack=true 
java_command: processing.app.Base C:\Projects\MDP\Arduino\FullTest\FullTest.ino
java_class_path (initial): C:\Program Files (x86)\Arduino\lib\apple.jar;C:\Program Files (x86)\Arduino\lib\arduino-core.jar;C:\Program Files (x86)\Arduino\lib\batik-1.8.jar;C:\Program Files (x86)\Arduino\lib\batik-anim-1.8.jar;C:\Program Files (x86)\Arduino\lib\batik-awt-util-1.8.jar;C:\Program Files (x86)\Arduino\lib\batik-bridge-1.8.jar;C:\Program Files (x86)\Arduino\lib\batik-codec-1.8.jar;C:\Program Files (x86)\Arduino\lib\batik-css-1.8.jar;C:\Program Files (x86)\Arduino\lib\batik-dom-1.8.jar;C:\Program Files (x86)\Arduino\lib\batik-ext-1.8.jar;C:\Program Files (x86)\Arduino\lib\batik-gvt-1.8.jar;C:\Program Files (x86)\Arduino\lib\batik-parser-1.8.jar;C:\Program Files (x86)\Arduino\lib\batik-rasterizer-1.8.jar;C:\Program Files (x86)\Arduino\lib\batik-script-1.8.jar;C:\Program Files (x86)\Arduino\lib\batik-squiggle-1.8.jar;C:\Program Files (x86)\Arduino\lib\batik-svg-dom-1.8.jar;C:\Program Files (x86)\Arduino\lib\batik-svgpp-1.8.jar;C:\Program Files (x86)\Arduino\lib\batik-transcoder-1.8.jar;C:\Program Files (x86)\Arduino\lib\batik-util-1.8.jar;C:\Program Files (x86)\Arduino\lib\batik-xml-1.8.jar;C:\Program Files (x86)\Arduino\lib\bcpg-jdk15on-152.jar;C:\Program Files (x86)\Arduino\lib\bcprov-jdk15on-152.jar;C:\Program Files (x86)\Arduino\lib\commons-codec-1.7.jar;C:\Program Files (x86)\Arduino\lib\commons-compress-1.8.jar;C:\Program Files (x86)\Arduino\lib\commons-exec-1.1.jar;C:\Program Files (x86)\Arduino\lib\commons-httpclient-3.1.jar;C:\Program Files (x86)\Arduino\lib\commons-lang3-3.8.1.jar;C:\Program Files (x86)\Arduino\lib\commons-logging-1.0.4.jar;C:\Program Files (x86)\Arduino\lib\commons-net-3.3.jar;C:\Program Files (x86)\Arduino\lib\commons-io-2.6.jar;C:\Program Files (x86)\Arduino\lib\jackson-annotations-2.9.5.jar;C:\Program Files (x86)\Arduino\lib\jackson-core-2.9.5.jar;C:\Program Files (x86)\Arduino\lib\jackson-databind-2.9.5.jar;C:\Program Files (x86)\Arduino\lib\jackson-module-mrbean-2.9.5.jar;C:\Program Files (x86)\Arduino\lib\java-semver-0.8.
Launcher Type: SUN_STANDARD

Environment Variables:
PATH=C:\ProgramData\DockerDesktop\version-bin;C:\Program Files\Docker\Docker\Resources\bin;C:\Program Files (x86)\Common Files\Oracle\Java\javapath;C:\WINDOWS\system32;C:\WINDOWS;C:\WINDOWS\System32\Wbem;C:\WINDOWS\System32\WindowsPowerShell\v1.0\;C:\Program Files (x86)\CodeBlocks\MinGW\bin;C:\Program Files\dotnet\;C:\Program Files\Microsoft SQL Server\130\Tools\Binn\;C:\Users\cube1\AppData\Local\atom\atom.exe;C:\WINDOWS\System32\OpenSSH\;C:\Program Files\Java\jdk1.8.0_201\bin;"C:\Windows\System32;";C:\Windows;C:\nano;C:\Program Files\Git\cmd;C:\Users\cube1\AppData\Local\Programs\Python\Python35\Scripts;C:\Users\cube1\AppData\Local\Programs\Python\Python36\Scripts\;C:\Users\cube1\AppData\Local\Programs\Python\Python36\;C:\Users\cube1\AppData\Local\Programs\Python\Python35\Scripts\;C:\Users\cube1\AppData\Local\Programs\Python\Python35\;C:\Users\cube1\AppData\Local\atom\bin;C:\Users\cube1\AppData\Local\Microsoft\WindowsApps;;C:\Users\cube1\AppData\Local\Programs\Microsoft VS Code\bin;C:\Program Files (x86)\Arduino\java\bin
USERNAME=cube1
OS=Windows_NT
PROCESSOR_IDENTIFIER=Intel64 Family 6 Model 142 Stepping 9, GenuineIntel



---------------  S Y S T E M  ---------------

OS: Windows 10.0 , 64 bit Build 17134 (10.0.17134.753)

CPU:total 4 (initial active 4) (2 cores per cpu, 2 threads per core) family 6 model 142 stepping 9, cmov, cx8, fxsr, mmx, sse, sse2, sse3, ssse3, sse4.1, sse4.2, popcnt, avx, avx2, aes, clmul, erms, rtm, 3dnowpref, lzcnt, ht, tsc, tscinvbit, bmi1, bmi2, adx

Memory: 4k page, physical 4117624k(458084k free), swap 9943820k(1856240k free)

vm_info: Java HotSpot(TM) Client VM (25.191-b12) for windows-x86 JRE (1.8.0_191-b12), built on Oct  6 2018 08:34:23 by "java_re" with MS VC++ 10.0 (VS2010)

time: Sun Sep 22 15:01:39 2019
elapsed time: 194428 seconds (2d 6h 0m 28s)

